{
  "stats": {
    "suites": 1,
    "tests": 2,
    "passes": 2,
    "pending": 0,
    "failures": 0,
    "start": "2024-05-23T03:37:48.426Z",
    "end": "2024-05-23T03:38:11.256Z",
    "duration": 22830,
    "testsRegistered": 2,
    "passPercent": 100,
    "pendingPercent": 0,
    "other": 0,
    "hasOther": false,
    "skipped": 0,
    "hasSkipped": false
  },
  "results": [
    {
      "uuid": "88edcaef-f015-4335-b0d3-bc02c5719154",
      "title": "",
      "fullFile": "cypress/e2e/uitest/shoppingcarttest.cy.js",
      "file": "cypress/e2e/uitest/shoppingcarttest.cy.js",
      "beforeHooks": [],
      "afterHooks": [],
      "tests": [],
      "suites": [
        {
          "uuid": "5cda811b-b0a2-4db6-bb41-d41d5e1c9eb8",
          "title": "Verify shopping Cart Functionality",
          "fullFile": "",
          "file": "",
          "beforeHooks": [],
          "afterHooks": [],
          "tests": [
            {
              "title": "should add and delete product to cart and verify the cart",
              "fullTitle": "Verify shopping Cart Functionality should add and delete product to cart and verify the cart",
              "timedOut": null,
              "duration": 8340,
              "state": "passed",
              "speed": "medium",
              "pass": true,
              "fail": false,
              "pending": false,
              "context": null,
              "code": "cy.fixture(\"checkoutdata\").then(checkoutdata => {\n  _homepage.default.selectProductCatagory(checkoutdata.productcatagory);\n  _homepage.default.selectProductBytitle(checkoutdata.product);\n  _checkoutpage.default.addProductToCart(checkoutdata.productaddetocartmsg);\n  _homepage.default.goToCart();\n  _checkoutpage.default.validateProductAddedToCart(checkoutdata.product);\n  _checkoutpage.default.deleteFromCart();\n  _checkoutpage.default.validateProductDeletedFromCart(checkoutdata.product);\n});",
              "err": {},
              "uuid": "fda99e96-82f2-4350-8f67-08c0aaaa435d",
              "parentUUID": "5cda811b-b0a2-4db6-bb41-d41d5e1c9eb8",
              "isHook": false,
              "skipped": false
            },
            {
              "title": "should place order the product",
              "fullTitle": "Verify shopping Cart Functionality should place order the product",
              "timedOut": null,
              "duration": 10939,
              "state": "passed",
              "speed": "slow",
              "pass": true,
              "fail": false,
              "pending": false,
              "context": null,
              "code": "cy.fixture(\"checkoutdata\").then(checkoutdata => {\n  _homepage.default.selectProductCatagory(checkoutdata.productcatagory);\n  _homepage.default.selectProductBytitle(checkoutdata.product);\n  _checkoutpage.default.addProductToCart(checkoutdata.productaddetocartmsg);\n  _homepage.default.goToCart();\n  _checkoutpage.default.validateProductAddedToCart(checkoutdata.product);\n  _checkoutpage.default.placeOrder(checkoutdata.name, checkoutdata.country, checkoutdata.city, checkoutdata.card, checkoutdata.month, checkoutdata.city, checkoutdata.card, checkoutdata.year);\n});",
              "err": {},
              "uuid": "1c1e67de-62e0-4219-9e4e-14333ab3cd23",
              "parentUUID": "5cda811b-b0a2-4db6-bb41-d41d5e1c9eb8",
              "isHook": false,
              "skipped": false
            }
          ],
          "suites": [],
          "passes": [
            "fda99e96-82f2-4350-8f67-08c0aaaa435d",
            "1c1e67de-62e0-4219-9e4e-14333ab3cd23"
          ],
          "failures": [],
          "pending": [],
          "skipped": [],
          "duration": 19279,
          "root": false,
          "rootEmpty": false,
          "_timeout": 2000
        }
      ],
      "passes": [],
      "failures": [],
      "pending": [],
      "skipped": [],
      "duration": 0,
      "root": true,
      "rootEmpty": true,
      "_timeout": 2000
    }
  ],
  "meta": {
    "mocha": {
      "version": "7.0.1"
    },
    "mochawesome": {
      "options": {
        "quiet": false,
        "reportFilename": "report",
        "saveHtml": false,
        "saveJson": true,
        "consoleReporter": "spec",
        "useInlineDiffs": false,
        "code": true
      },
      "version": "7.1.3"
    },
    "marge": {
      "options": {
        "reportDir": "cypress/reports/mochawesome",
        "overwrite": false,
        "html": false,
        "json": true,
        "reportFilename": "report"
      },
      "version": "6.2.0"
    }
  }
}