{
  "stats": {
    "suites": 1,
    "tests": 2,
    "passes": 2,
    "pending": 0,
    "failures": 0,
    "start": "2024-05-23T03:38:15.391Z",
    "end": "2024-05-23T03:38:24.356Z",
    "duration": 8965,
    "testsRegistered": 2,
    "passPercent": 100,
    "pendingPercent": 0,
    "other": 0,
    "hasOther": false,
    "skipped": 0,
    "hasSkipped": false
  },
  "results": [
    {
      "uuid": "580fa770-0fe4-49d0-b06d-28b05b3f2755",
      "title": "",
      "fullFile": "cypress/e2e/uitest/signuptest.cy.js",
      "file": "cypress/e2e/uitest/signuptest.cy.js",
      "beforeHooks": [],
      "afterHooks": [],
      "tests": [],
      "suites": [
        {
          "uuid": "4895b7d8-ded1-4067-a2cc-1fe404065580",
          "title": "User SignUp test",
          "fullFile": "",
          "file": "",
          "beforeHooks": [],
          "afterHooks": [],
          "tests": [
            {
              "title": "should signup with new user to product store",
              "fullTitle": "User SignUp test should signup with new user to product store",
              "timedOut": null,
              "duration": 3077,
              "state": "passed",
              "speed": "fast",
              "pass": true,
              "fail": false,
              "pending": false,
              "context": null,
              "code": "cy.generateRandomData('signupdata'); // generate random email id\ncy.fixture(\"signupdata\").then(signupdata => {\n  _signuppage.default.signUpNewUser(signupdata.email, signupdata.password);\n});\ncy.fixture(\"constantdata\").then(constantdata => {\n  _signuppage.default.validateSuccessfullsignUp(constantdata.signupsuccessmsg);\n});",
              "err": {},
              "uuid": "8656986a-115a-47b7-9bf6-47cf7bda3f3a",
              "parentUUID": "4895b7d8-ded1-4067-a2cc-1fe404065580",
              "isHook": false,
              "skipped": false
            },
            {
              "title": "should not signup with existing user to product store",
              "fullTitle": "User SignUp test should not signup with existing user to product store",
              "timedOut": null,
              "duration": 2456,
              "state": "passed",
              "speed": "fast",
              "pass": true,
              "fail": false,
              "pending": false,
              "context": null,
              "code": "cy.fixture(\"logindata\").then(logindata => {\n  _signuppage.default.signUpNewUser(logindata.email, logindata.password);\n});\ncy.fixture(\"constantdata\").then(constantdata => {\n  cy.validateAlertMessage(constantdata.useralreadyexistmsg);\n});",
              "err": {},
              "uuid": "66565c2c-f9ce-4741-abca-aea317d7f515",
              "parentUUID": "4895b7d8-ded1-4067-a2cc-1fe404065580",
              "isHook": false,
              "skipped": false
            }
          ],
          "suites": [],
          "passes": [
            "8656986a-115a-47b7-9bf6-47cf7bda3f3a",
            "66565c2c-f9ce-4741-abca-aea317d7f515"
          ],
          "failures": [],
          "pending": [],
          "skipped": [],
          "duration": 5533,
          "root": false,
          "rootEmpty": false,
          "_timeout": 2000
        }
      ],
      "passes": [],
      "failures": [],
      "pending": [],
      "skipped": [],
      "duration": 0,
      "root": true,
      "rootEmpty": true,
      "_timeout": 2000
    }
  ],
  "meta": {
    "mocha": {
      "version": "7.0.1"
    },
    "mochawesome": {
      "options": {
        "quiet": false,
        "reportFilename": "report",
        "saveHtml": false,
        "saveJson": true,
        "consoleReporter": "spec",
        "useInlineDiffs": false,
        "code": true
      },
      "version": "7.1.3"
    },
    "marge": {
      "options": {
        "reportDir": "cypress/reports/mochawesome",
        "overwrite": false,
        "html": false,
        "json": true,
        "reportFilename": "report"
      },
      "version": "6.2.0"
    }
  }
}